#
# There is insufficient memory for the Java Runtime Environment to continue.
# Native memory allocation (mmap) failed to map 65536 bytes for Failed to commit area from 0x000001e060300000 to 0x000001e060310000 of length 65536.
# Possible reasons:
#   The system is out of physical RAM or swap space
#   The process is running with CompressedOops enabled, and the Java Heap may be blocking the growth of the native heap
# Possible solutions:
#   Reduce memory load on the system
#   Increase physical memory or swap space
#   Check if swap backing store is full
#   Decrease Java heap size (-Xmx/-Xms)
#   Decrease number of Java threads
#   Decrease Java thread stack sizes (-Xss)
#   Set larger code cache with -XX:ReservedCodeCacheSize=
# This output file may be truncated or incomplete.
#
#  Out of Memory Error (./src/hotspot/os/windows/os_windows.cpp:3303), pid=12748, tid=17340
#
# JRE version:  (11.0.9.1+11) (build )
# Java VM: OpenJDK 64-Bit Server VM (11.0.9.1+11-b1145.63, mixed mode, sharing, tiered, compressed oops, g1 gc, windows-amd64)
# No core dump will be written. Minidumps are not enabled by default on client versions of Windows
#

---------------  S U M M A R Y ------------

Command Line: org.jetbrains.git4idea.http.GitAskPassApp Username for 'https://github.com': 

Host: Intel(R) Core(TM) i5-7400 CPU @ 3.00GHz, 4 cores, 15G,  Windows 10 , 64 bit Build 19041 (10.0.19041.662)
Time: Tue Jan 19 13:21:37 2021 Hora est. Pacífico, Sudamérica elapsed time: 0.019239 seconds (0d 0h 0m 0s)

---------------  T H R E A D  ---------------

Current thread (0x000001e047dc3800):  JavaThread "Unknown thread" [_thread_in_vm, id=17340, stack(0x0000000b2b200000,0x0000000b2b300000)]

Stack: [0x0000000b2b200000,0x0000000b2b300000]
Native frames: (J=compiled Java code, j=interpreted, Vv=VM code, C=native code)
V  [jvm.dll+0x5edd9a]
V  [jvm.dll+0x7229c5]
V  [jvm.dll+0x723f1d]
V  [jvm.dll+0x7245d3]
V  [jvm.dll+0x2431b8]
V  [jvm.dll+0x5eb234]
V  [jvm.dll+0x5e0325]
V  [jvm.dll+0x2fe60b]
V  [jvm.dll+0x2fe57a]
V  [jvm.dll+0x2fe452]
V  [jvm.dll+0x303455]
V  [jvm.dll+0x34baa7]
V  [jvm.dll+0x34c186]
V  [jvm.dll+0x34bb83]
V  [jvm.dll+0x2d9218]
V  [jvm.dll+0x2da3c7]
V  [jvm.dll+0x701a67]
V  [jvm.dll+0x70325c]
V  [jvm.dll+0x359049]
V  [jvm.dll+0x6e552e]
V  [jvm.dll+0x3c1353]
V  [jvm.dll+0x3c3571]
C  [jli.dll+0x5373]
C  [ucrtbase.dll+0x214c2]
C  [KERNEL32.DLL+0x17034]
C  [ntdll.dll+0x4d0d1]


---------------  P R O C E S S  ---------------

Threads class SMR info:
_java_thread_list=0x000001e045ca79e0, length=0, elements={
}

Java Threads: ( => current thread )

Other Threads:
  0x000001e047ddb000 GCTaskThread "GC Thread#0" [stack: 0x0000000b2b300000,0x0000000b2b400000] [id=17524]
  0x000001e047e36800 ConcurrentGCThread "G1 Main Marker" [stack: 0x0000000b2b400000,0x0000000b2b500000] [id=14312]
  0x000001e047e39000 ConcurrentGCThread "G1 Conc#0" [stack: 0x0000000b2b500000,0x0000000b2b600000] [id=5972]

[error occurred during error reporting (printing all threads), id 0xc0000005, EXCEPTION_ACCESS_VIOLATION (0xc0000005) at pc=0x00007fffba969807]

VM state:not at safepoint (not fully initialized)

VM Mutex/Monitor currently owned by a thread:  ([mutex/lock_event])
[0x000001e047dbde70] Heap_lock - owner thread: 0x000001e047dc3800

Heap address: 0x0000000700a00000, size: 4086 MB, Compressed Oops mode: Non-zero based: 0x0000000700a00000
Narrow klass base: 0x0000000000000000, Narrow klass shift: 0

GC Heap History (0 events):
No events

Deoptimization events (0 events):
No events

Classes redefined (0 events):
No events

Internal exceptions (0 events):
No events

Events (1 events):
Event: 0.009 Loaded shared library C:\Program Files\JetBrains\IntelliJ IDEA Community Edition 2019.3.3\jbr\bin\zip.dll


Dynamic libraries:
0x00007ff72abe0000 - 0x00007ff72abea000 	C:\Program Files\JetBrains\IntelliJ IDEA Community Edition 2019.3.3\jbr\bin\java.exe
0x00007ff816330000 - 0x00007ff816526000 	C:\WINDOWS\SYSTEM32\ntdll.dll
0x00007ff815b70000 - 0x00007ff815c2d000 	C:\WINDOWS\System32\KERNEL32.DLL
0x00007ff814040000 - 0x00007ff814309000 	C:\WINDOWS\System32\KERNELBASE.dll
0x00007ff813aa0000 - 0x00007ff813ba0000 	C:\WINDOWS\System32\ucrtbase.dll
0x00007ffff2490000 - 0x00007ffff24a9000 	C:\Program Files\JetBrains\IntelliJ IDEA Community Edition 2019.3.3\jbr\bin\jli.dll
0x00007ffff3eb0000 - 0x00007ffff3ec7000 	C:\Program Files\JetBrains\IntelliJ IDEA Community Edition 2019.3.3\jbr\bin\VCRUNTIME140.dll
0x00007ff814590000 - 0x00007ff814730000 	C:\WINDOWS\System32\USER32.dll
0x00007ff814360000 - 0x00007ff814382000 	C:\WINDOWS\System32\win32u.dll
0x00007ff814480000 - 0x00007ff8144aa000 	C:\WINDOWS\System32\GDI32.dll
0x00007ff8088f0000 - 0x00007ff808b8b000 	C:\WINDOWS\WinSxS\amd64_microsoft.windows.common-controls_6595b64144ccf1df_6.0.19041.746_none_ca02b4b61b8320a4\COMCTL32.dll
0x00007ff813d00000 - 0x00007ff813e0b000 	C:\WINDOWS\System32\gdi32full.dll
0x00007ff813ec0000 - 0x00007ff813f5d000 	C:\WINDOWS\System32\msvcp_win.dll
0x00007ff815f10000 - 0x00007ff815fae000 	C:\WINDOWS\System32\msvcrt.dll
0x00007ff814560000 - 0x00007ff814590000 	C:\WINDOWS\System32\IMM32.DLL
0x00007fffd4300000 - 0x00007fffd439d000 	C:\Program Files\JetBrains\IntelliJ IDEA Community Edition 2019.3.3\jbr\bin\msvcp140.dll
0x00007fffba680000 - 0x00007fffbb14e000 	C:\Program Files\JetBrains\IntelliJ IDEA Community Edition 2019.3.3\jbr\bin\server\jvm.dll
0x00007ff8154c0000 - 0x00007ff81556c000 	C:\WINDOWS\System32\ADVAPI32.dll
0x00007ff815570000 - 0x00007ff81560c000 	C:\WINDOWS\System32\sechost.dll
0x00007ff816160000 - 0x00007ff81628b000 	C:\WINDOWS\System32\RPCRT4.dll
0x00007ff815f00000 - 0x00007ff815f08000 	C:\WINDOWS\System32\PSAPI.DLL
0x00007ff80f5e0000 - 0x00007ff80f5e9000 	C:\WINDOWS\SYSTEM32\WSOCK32.dll
0x00007ff815b00000 - 0x00007ff815b6b000 	C:\WINDOWS\System32\WS2_32.dll
0x00007ff80aa80000 - 0x00007ff80aaa7000 	C:\WINDOWS\SYSTEM32\WINMM.dll
0x00007ff80d940000 - 0x00007ff80d94a000 	C:\WINDOWS\SYSTEM32\VERSION.dll
0x00007ff8119b0000 - 0x00007ff8119c2000 	C:\WINDOWS\SYSTEM32\kernel.appcore.dll
0x00007ff8081f0000 - 0x00007ff808201000 	C:\Program Files\JetBrains\IntelliJ IDEA Community Edition 2019.3.3\jbr\bin\verify.dll
0x00007ff800fa0000 - 0x00007ff801184000 	C:\WINDOWS\SYSTEM32\DBGHELP.DLL
0x00007ff800f40000 - 0x00007ff800f6c000 	C:\WINDOWS\SYSTEM32\dbgcore.DLL
0x00007ff813fc0000 - 0x00007ff814040000 	C:\WINDOWS\System32\bcryptPrimitives.dll
0x00007ff8081c0000 - 0x00007ff8081e9000 	C:\Program Files\JetBrains\IntelliJ IDEA Community Edition 2019.3.3\jbr\bin\java.dll
0x00007ff80f3c0000 - 0x00007ff80f3cb000 	C:\Program Files\JetBrains\IntelliJ IDEA Community Edition 2019.3.3\jbr\bin\jimage.dll
0x00007ff803610000 - 0x00007ff803628000 	C:\Program Files\JetBrains\IntelliJ IDEA Community Edition 2019.3.3\jbr\bin\zip.dll

dbghelp: loaded successfully - version: 4.0.5 - missing functions: none
symbol engine: initialized successfully - sym options: 0x614 - pdb path: .;C:\Program Files\JetBrains\IntelliJ IDEA Community Edition 2019.3.3\jbr\bin;C:\WINDOWS\SYSTEM32;C:\WINDOWS\WinSxS\amd64_microsoft.windows.common-controls_6595b64144ccf1df_6.0.19041.746_none_ca02b4b61b8320a4;C:\Program Files\JetBrains\IntelliJ IDEA Community Edition 2019.3.3\jbr\bin\server

VM Arguments:
java_command: org.jetbrains.git4idea.http.GitAskPassApp Username for 'https://github.com': 
java_class_path (initial): C:/Program Files/JetBrains/IntelliJ IDEA Community Edition 2019.3.3/plugins/git4idea/lib/git4idea-rt.jar;C:/Program Files/JetBrains/IntelliJ IDEA Community Edition 2019.3.3/lib/xmlrpc-2.0.1.jar;C:/Program Files/JetBrains/IntelliJ IDEA Community Edition 2019.3.3/lib/commons-codec-1.14.jar
Launcher Type: SUN_STANDARD

[Global flags]
     intx CICompilerCount                          = 3                                         {product} {ergonomic}
     uint ConcGCThreads                            = 1                                         {product} {ergonomic}
     uint G1ConcRefinementThreads                  = 4                                         {product} {ergonomic}
   size_t G1HeapRegionSize                         = 1048576                                   {product} {ergonomic}
    uintx GCDrainStackTargetSize                   = 64                                        {product} {ergonomic}
   size_t InitialHeapSize                          = 268435456                                 {product} {ergonomic}
   size_t MarkStackSize                            = 4194304                                   {product} {ergonomic}
   size_t MaxHeapSize                              = 4284481536                                {product} {ergonomic}
   size_t MinHeapDeltaBytes                        = 1048576                                   {product} {ergonomic}
    uintx NonNMethodCodeHeapSize                   = 5830732                                {pd product} {ergonomic}
    uintx NonProfiledCodeHeapSize                  = 122913754                              {pd product} {ergonomic}
    uintx ProfiledCodeHeapSize                     = 122913754                              {pd product} {ergonomic}
    uintx ReservedCodeCacheSize                    = 251658240                              {pd product} {ergonomic}
     bool SegmentedCodeCache                       = true                                      {product} {ergonomic}
     bool UseCompressedClassPointers               = true                                 {lp64_product} {ergonomic}
     bool UseCompressedOops                        = true                                 {lp64_product} {ergonomic}
     bool UseG1GC                                  = true                                      {product} {ergonomic}
     bool UseLargePagesIndividualAllocation        = false                                  {pd product} {ergonomic}

Logging:
Log output configuration:
 #0: stdout all=warning uptime,level,tags
 #1: stderr all=off uptime,level,tags

Environment Variables:
JAVA_HOME=C:\Program Files\Java\jdk-11.0.8
PATH=C:\Program Files\Git\mingw64\libexec\git-core;C:\Program Files\Git\mingw64\libexec\git-core;C:\Program Files\Git\mingw64\bin;C:\Program Files\Git\usr\bin;C:\Users\USER.JULIANGB\bin;C:\Program Files\Common Files\Oracle\Java\javapath;C:\Program Files (x86)\Common Files\Oracle\Java\javapath;C:\Program Files\Microsoft MPI\Bin;C:\WINDOWS\system32;C:\WINDOWS;C:\WINDOWS\System32\Wbem;C:\WINDOWS\System32\WindowsPowerShell\v1.0;C:\Program Files\Microsoft SQL Server\130\Tools\Binn;C:\Program Files\dotnet;C:\Program Files\Anaconda3;C:\Program Files\Anaconda3\Scripts;C:\Program Files\Anaconda3\Library\bin;C:\WINDOWS\System32\OpenSSH;C:\Program Files (x86)\Windows Live\Shared;C:\apache-maven-3.6.3\bin;%MAVEN_HOME%\bin;C:\Program Files\Java\jdk-11.0.8;E:\python38;E:\python38\Scripts;E:\python38\DLLs;E:\python38\Lib;E:\python38\libs;E:\python38\libs;E:\python38\DLLs;E:\python38\Lib;E:\python38\Scripts;C:\Program Files\nodejs;C:\ProgramData\chocolatey\bin;C:\Program Files\Docker\Docker\resources\bin;C:\ProgramData\DockerDesktop\version-bin;C:\Users\USER.JULIANGB\AppData\Local\Microsoft\WindowsApps;C:\Users\USER.JULIANGB\AppData\Local\Programs\Microsoft VS Code\bin;C:\Users\USER.JULIANGB\AppData\Roaming\npm;C:\Program Files\Java\jdk-11.0.8\bin
USERNAME=Julián Gb
DISPLAY=:0.0
LC_ALL=en_US.UTF-8
OS=Windows_NT
PROCESSOR_IDENTIFIER=Intel64 Family 6 Model 158 Stepping 9, GenuineIntel



---------------  S Y S T E M  ---------------

OS: Windows 10 , 64 bit Build 19041 (10.0.19041.662)
OS uptime: 1 days 18:05 hours
HyperV virtualization detected

CPU:total 4 (initial active 4) (4 cores per cpu, 1 threads per core) family 6 model 158 stepping 9, cmov, cx8, fxsr, mmx, sse, sse2, sse3, ssse3, sse4.1, sse4.2, popcnt, avx, avx2, aes, clmul, erms, 3dnowpref, lzcnt, tsc, tscinvbit, bmi1, bmi2, adx, fma

Memory: 4k page, system-wide physical 16336M (1296M free)
TotalPageFile size 23524M (AvailPageFile size 3M)
current process WorkingSet (physical memory assigned to process): 14M, peak: 14M
current process commit charge ("private bytes"): 313M, peak: 313M

vm_info: OpenJDK 64-Bit Server VM (11.0.9.1+11-b1145.63) for windows-amd64 JRE (11.0.9.1+11-b1145.63), built on Dec 21 2020 13:58:54 by "" with MS VC++ 14.0 (VS2015)

END.
